Determining if the pthread_create exist failed with the following output:
Change Dir: /home/workspace/catkin_ws/build/CMakeFiles/CMakeTmp

Run Build Command:"/usr/bin/make" "cmTC_fa50f/fast"
/usr/bin/make -f CMakeFiles/cmTC_fa50f.dir/build.make CMakeFiles/cmTC_fa50f.dir/build
make[1]: Entering directory '/home/workspace/catkin_ws/build/CMakeFiles/CMakeTmp'
Building C object CMakeFiles/cmTC_fa50f.dir/CheckSymbolExists.c.o
/usr/bin/cc     -o CMakeFiles/cmTC_fa50f.dir/CheckSymbolExists.c.o   -c /home/workspace/catkin_ws/build/CMakeFiles/CMakeTmp/CheckSymbolExists.c
Linking C executable cmTC_fa50f
/usr/bin/cmake -E cmake_link_script CMakeFiles/cmTC_fa50f.dir/link.txt --verbose=1
/usr/bin/cc       CMakeFiles/cmTC_fa50f.dir/CheckSymbolExists.c.o  -o cmTC_fa50f -rdynamic 
CMakeFiles/cmTC_fa50f.dir/CheckSymbolExists.c.o: In function `main':
CheckSymbolExists.c:(.text+0x16): undefined reference to `pthread_create'
collect2: error: ld returned 1 exit status
CMakeFiles/cmTC_fa50f.dir/build.make:97: recipe for target 'cmTC_fa50f' failed
make[1]: *** [cmTC_fa50f] Error 1
make[1]: Leaving directory '/home/workspace/catkin_ws/build/CMakeFiles/CMakeTmp'
Makefile:126: recipe for target 'cmTC_fa50f/fast' failed
make: *** [cmTC_fa50f/fast] Error 2

File /home/workspace/catkin_ws/build/CMakeFiles/CMakeTmp/CheckSymbolExists.c:
/* */
#include <pthread.h>

int main(int argc, char** argv)
{
  (void)argv;
#ifndef pthread_create
  return ((int*)(&pthread_create))[argc];
#else
  (void)argc;
  return 0;
#endif
}

Determining if the function pthread_create exists in the pthreads failed with the following output:
Change Dir: /home/workspace/catkin_ws/build/CMakeFiles/CMakeTmp

Run Build Command:"/usr/bin/make" "cmTC_32f11/fast"
/usr/bin/make -f CMakeFiles/cmTC_32f11.dir/build.make CMakeFiles/cmTC_32f11.dir/build
make[1]: Entering directory '/home/workspace/catkin_ws/build/CMakeFiles/CMakeTmp'
Building C object CMakeFiles/cmTC_32f11.dir/CheckFunctionExists.c.o
/usr/bin/cc    -DCHECK_FUNCTION_EXISTS=pthread_create   -o CMakeFiles/cmTC_32f11.dir/CheckFunctionExists.c.o   -c /usr/share/cmake-3.5/Modules/CheckFunctionExists.c
Linking C executable cmTC_32f11
/usr/bin/cmake -E cmake_link_script CMakeFiles/cmTC_32f11.dir/link.txt --verbose=1
/usr/bin/cc   -DCHECK_FUNCTION_EXISTS=pthread_create    CMakeFiles/cmTC_32f11.dir/CheckFunctionExists.c.o  -o cmTC_32f11 -rdynamic -lpthreads 
/usr/bin/ld: cannot find -lpthreads
collect2: error: ld returned 1 exit status
CMakeFiles/cmTC_32f11.dir/build.make:97: recipe for target 'cmTC_32f11' failed
make[1]: *** [cmTC_32f11] Error 1
make[1]: Leaving directory '/home/workspace/catkin_ws/build/CMakeFiles/CMakeTmp'
Makefile:126: recipe for target 'cmTC_32f11/fast' failed
make: *** [cmTC_32f11/fast] Error 2


