Determining if the pthread_create exist failed with the following output:
Change Dir: /home/workspace/catkin_ws/build/CMakeFiles/CMakeTmp

Run Build Command:"/usr/bin/make" "cmTC_d0420/fast"
/usr/bin/make -f CMakeFiles/cmTC_d0420.dir/build.make CMakeFiles/cmTC_d0420.dir/build
make[1]: Entering directory '/home/workspace/catkin_ws/build/CMakeFiles/CMakeTmp'
Building C object CMakeFiles/cmTC_d0420.dir/CheckSymbolExists.c.o
/usr/bin/cc     -o CMakeFiles/cmTC_d0420.dir/CheckSymbolExists.c.o   -c /home/workspace/catkin_ws/build/CMakeFiles/CMakeTmp/CheckSymbolExists.c
Linking C executable cmTC_d0420
/usr/bin/cmake -E cmake_link_script CMakeFiles/cmTC_d0420.dir/link.txt --verbose=1
/usr/bin/cc       CMakeFiles/cmTC_d0420.dir/CheckSymbolExists.c.o  -o cmTC_d0420 -rdynamic 
CMakeFiles/cmTC_d0420.dir/CheckSymbolExists.c.o: In function `main':
CheckSymbolExists.c:(.text+0x16): undefined reference to `pthread_create'
collect2: error: ld returned 1 exit status
CMakeFiles/cmTC_d0420.dir/build.make:97: recipe for target 'cmTC_d0420' failed
make[1]: *** [cmTC_d0420] Error 1
make[1]: Leaving directory '/home/workspace/catkin_ws/build/CMakeFiles/CMakeTmp'
Makefile:126: recipe for target 'cmTC_d0420/fast' failed
make: *** [cmTC_d0420/fast] Error 2

File /home/workspace/catkin_ws/build/CMakeFiles/CMakeTmp/CheckSymbolExists.c:
/* */
#include <pthread.h>

int main(int argc, char** argv)
{
  (void)argv;
#ifndef pthread_create
  return ((int*)(&pthread_create))[argc];
#else
  (void)argc;
  return 0;
#endif
}

Determining if the function pthread_create exists in the pthreads failed with the following output:
Change Dir: /home/workspace/catkin_ws/build/CMakeFiles/CMakeTmp

Run Build Command:"/usr/bin/make" "cmTC_19499/fast"
/usr/bin/make -f CMakeFiles/cmTC_19499.dir/build.make CMakeFiles/cmTC_19499.dir/build
make[1]: Entering directory '/home/workspace/catkin_ws/build/CMakeFiles/CMakeTmp'
Building C object CMakeFiles/cmTC_19499.dir/CheckFunctionExists.c.o
/usr/bin/cc    -DCHECK_FUNCTION_EXISTS=pthread_create   -o CMakeFiles/cmTC_19499.dir/CheckFunctionExists.c.o   -c /usr/share/cmake-3.5/Modules/CheckFunctionExists.c
Linking C executable cmTC_19499
/usr/bin/cmake -E cmake_link_script CMakeFiles/cmTC_19499.dir/link.txt --verbose=1
/usr/bin/cc   -DCHECK_FUNCTION_EXISTS=pthread_create    CMakeFiles/cmTC_19499.dir/CheckFunctionExists.c.o  -o cmTC_19499 -rdynamic -lpthreads 
/usr/bin/ld: cannot find -lpthreads
collect2: error: ld returned 1 exit status
CMakeFiles/cmTC_19499.dir/build.make:97: recipe for target 'cmTC_19499' failed
make[1]: *** [cmTC_19499] Error 1
make[1]: Leaving directory '/home/workspace/catkin_ws/build/CMakeFiles/CMakeTmp'
Makefile:126: recipe for target 'cmTC_19499/fast' failed
make: *** [cmTC_19499/fast] Error 2


